[19/11/2019 18:31:35] /a 1
[19/11/2019 18:31:38] /a 1
[19/11/2019 18:31:39] /a 1
[19/11/2019 18:31:39] /a 1
[19/11/2019 18:31:39] /a 1
[19/11/2019 18:31:51] /a 5
[19/11/2019 18:31:51] /a 5
[19/11/2019 18:31:52] /a 5
[19/11/2019 18:31:53] /a 5
[19/11/2019 18:31:56] /a 5
[19/11/2019 18:31:57] /a 5
[19/11/2019 18:31:58] /a 5
[19/11/2019 18:31:59] /a 5
[19/11/2019 18:32:5] /a 5
[19/11/2019 18:32:5] /a 5
[19/11/2019 18:32:6] /a 5
[19/11/2019 18:32:7] /a 5
[19/11/2019 18:32:33] /goto banshee
[19/11/2019 18:32:52] /a 3
[19/11/2019 18:33:9] /goto cyclops
[19/11/2019 18:33:16] /a 5
[19/11/2019 18:33:17] /a 5
[19/11/2019 18:33:29] /goto budrik
[19/11/2019 18:33:36] /goto oldrak
[19/11/2019 18:33:40] /a 5
[19/11/2019 18:33:41] /a 5
[19/11/2019 18:33:41] /a 5
[19/11/2019 18:33:42] /a 5
[19/11/2019 18:33:43] /a 5
[19/11/2019 18:33:43] /a 5
[19/11/2019 18:33:43] /a 5
[19/11/2019 18:33:44] /a 5
[19/11/2019 18:33:45] /a 5
[19/11/2019 18:33:46] /a 5
[19/11/2019 18:33:46] /a 5
[19/11/2019 18:33:47] /a 5
[19/11/2019 18:33:48] /a 5
[19/11/2019 18:33:49] /a 5
[19/11/2019 18:33:49] /a 5
[19/11/2019 18:33:50] /a 5
[19/11/2019 18:33:51] /a 5
[19/11/2019 18:33:51] /a 5
[19/11/2019 18:33:52] /a 5
[19/11/2019 18:33:53] /a 5
[19/11/2019 18:33:54] /a 5
[19/11/2019 18:33:58] /a -1
[19/11/2019 18:34:1] /down
[19/11/2019 18:34:9] /down
[19/11/2019 18:35:12] /i gold coin
[19/11/2019 18:35:18] /i vial of blood
[19/11/2019 18:35:21] /i vial of blood
[19/11/2019 18:35:41] /down
[19/11/2019 18:35:50] /a 2
[19/11/2019 18:35:57] /i vial of oil
[19/11/2019 18:36:2] /i flask of oil
[19/11/2019 18:36:4] /i vial of oil
[19/11/2019 18:37:12] /i oil lamp
[19/11/2019 18:37:37] /i brown flask
[19/11/2019 18:37:48] /i oil
[19/11/2019 18:37:57] /i small oil lamp
[19/11/2019 18:38:26] /i 20011
[19/11/2019 18:38:34] /i water
[19/11/2019 18:38:38] /i oil
[19/11/2019 18:38:44] /i 20042
[19/11/2019 18:38:46] /i 20042
[19/11/2019 18:38:51] /i health potion
[19/11/2019 18:38:53] /a 2
[19/11/2019 18:38:59] /up
[19/11/2019 18:39:1] /up
[19/11/2019 18:39:6] /up
[19/11/2019 18:39:9] /up
[19/11/2019 18:39:19] /a 2
[19/11/2019 18:39:19] /a 2
[19/11/2019 18:39:20] /a 2
[19/11/2019 18:39:22] /a 2
[19/11/2019 18:39:25] /a 2
[19/11/2019 18:39:30] /a 2
[19/11/2019 18:39:32] /up
[19/11/2019 18:39:34] /up
[19/11/2019 18:39:36] /a 2
[19/11/2019 18:39:37] /a 2
[19/11/2019 18:39:37] /a 2
[19/11/2019 18:39:38] /a 2
[19/11/2019 18:39:38] /a 2
[19/11/2019 18:39:39] /a 2
[19/11/2019 18:39:39] /a 2
[19/11/2019 18:39:40] /a 2
[19/11/2019 18:39:41] /a 2
[19/11/2019 18:39:41] /a 2
[19/11/2019 18:39:42] /a 2
[19/11/2019 18:39:43] /a 2
[19/11/2019 18:39:43] /a 2
[19/11/2019 18:39:44] /a 2
[19/11/2019 18:39:45] /a 2
[19/11/2019 18:39:45] /a 2
[19/11/2019 18:39:46] /a 2
[19/11/2019 18:39:47] /a 2
[19/11/2019 18:39:47] /a 2
[19/11/2019 18:39:49] /a 2
[19/11/2019 18:39:50] /a 2
[19/11/2019 18:39:50] /a 2
[19/11/2019 18:39:59] /a 2
[19/11/2019 18:40:14] /a 2
[19/11/2019 18:40:16] /a 10
[19/11/2019 18:40:16] /a 10
[19/11/2019 18:40:17] /a 10
[19/11/2019 18:40:20] /a 10
[19/11/2019 18:40:20] /a 10
[19/11/2019 18:40:21] /a 10
[19/11/2019 18:40:27] /goto dragon lord
[22/11/2019 18:22:10] /a 2
[22/11/2019 18:22:11] /a 2
[22/11/2019 18:24:53] /a 10
[22/11/2019 18:24:53] /a 10
[22/11/2019 18:24:54] /a 10
[22/11/2019 18:24:55] /a 10
[22/11/2019 18:24:55] /a 10
[22/11/2019 18:24:58] /a 10
[22/11/2019 18:24:59] /a 10
[22/11/2019 18:25:0] /a 10
[22/11/2019 18:25:1] /a 10
[22/11/2019 18:25:2] /a 10
[22/11/2019 18:25:2] /a 10
[22/11/2019 18:25:3] /a 10
[22/11/2019 18:25:3] /a 10
[22/11/2019 18:25:4] /a 10
[22/11/2019 18:25:5] /a 10
[22/11/2019 18:25:7] /a 10
[22/11/2019 18:25:7] /a 10
[22/11/2019 18:25:8] /a 10
[22/11/2019 18:25:8] /a 10
[22/11/2019 18:25:9] /a 10
[22/11/2019 18:25:9] /a 10
[22/11/2019 18:25:10] /a 10
[22/11/2019 18:25:10] /a 10
[22/11/2019 18:25:11] /a 10
[22/11/2019 18:25:12] /a 10
[22/11/2019 18:25:12] /a 10
[22/11/2019 18:25:25] /a 10
[22/11/2019 18:25:25] /a 10
[22/11/2019 18:25:26] /a 10
[22/11/2019 18:25:26] /a 10
[22/11/2019 18:25:27] /a 10
[22/11/2019 18:25:28] /a 10
[22/11/2019 18:25:29] /a 10
[22/11/2019 18:25:29] /a 10
[22/11/2019 18:25:30] /a 10
[22/11/2019 18:25:30] /a 10
[22/11/2019 18:25:31] /a 10
[22/11/2019 18:25:32] /a 10
[22/11/2019 18:25:38] /a 10
[22/11/2019 18:25:38] /a 10
[22/11/2019 18:25:39] /a 10
[22/11/2019 18:25:39] /a 10
[22/11/2019 18:25:40] /a 10
[22/11/2019 18:25:40] /a 10
[22/11/2019 18:25:41] /a 10
[22/11/2019 18:25:41] /a 10
[22/11/2019 18:25:42] /a 10
[22/11/2019 18:25:43] /a 10
[22/11/2019 18:25:43] /a 10
[22/11/2019 18:25:45] /a 10
[22/11/2019 18:25:45] /a 10
[22/11/2019 18:25:46] /a 10
[22/11/2019 18:25:47] /a 10
[22/11/2019 18:25:48] /a 10
[22/11/2019 18:25:48] /a 10
[22/11/2019 18:25:49] /a 10
[22/11/2019 18:25:53] /a 2
[22/11/2019 18:26:43] /goto Finarfin
[22/11/2019 18:26:47] /goto Eva
[22/11/2019 18:26:55] /goto Paulie
[22/11/2019 18:26:57] /goto Paulie
[22/11/2019 18:27:0] /goto Paulie
[22/11/2019 18:27:36] /goto venore
[22/11/2019 18:27:38] /goto venore
[22/11/2019 18:27:40] /a 20
[22/11/2019 18:27:41] /a 20
[22/11/2019 18:27:42] /a 20
[22/11/2019 18:27:46] /a 20
[22/11/2019 18:27:47] /a 20
[22/11/2019 18:27:50] /a 2
[22/11/2019 18:28:15] /down
[22/11/2019 18:28:16] /a 100
[22/11/2019 18:28:17] /a 100
[22/11/2019 18:28:17] /a 100
[22/11/2019 18:28:18] /a 100
[22/11/2019 18:28:19] /a 100
[22/11/2019 18:28:20] /a 100
[22/11/2019 18:28:21] /a 100
[22/11/2019 18:28:22] /a 100
[22/11/2019 18:28:42] /a 2
[22/11/2019 18:29:33] /goto Eva
[22/11/2019 18:48:33] /a 2
[22/11/2019 18:48:37] /a 2
[22/11/2019 18:48:37] /a 2
[22/11/2019 18:48:38] /a 2
[22/11/2019 18:48:38] /a 2
[22/11/2019 18:48:39] /a 2
[22/11/2019 18:48:42] /a 10
[22/11/2019 18:48:42] /a 10
[22/11/2019 18:48:43] /a 10
[22/11/2019 18:48:43] /a 10
[22/11/2019 18:48:44] /a 10
[22/11/2019 18:48:44] /a 10
[22/11/2019 18:48:45] /a 10
[22/11/2019 18:48:46] /a 10
[22/11/2019 18:48:48] /up
[22/11/2019 18:48:50] /up
[22/11/2019 18:48:51] /a 1
[22/11/2019 18:48:52] /up
[22/11/2019 18:50:33] /goto eva
[22/11/2019 18:52:43] /reload
[22/11/2019 18:52:48] /save
[23/11/2019 6:13:58] /a 2
[23/11/2019 6:13:58] /a 2
[23/11/2019 6:13:59] /a 2
[23/11/2019 6:14:10] /a 2
[23/11/2019 6:14:11] /a 2
[23/11/2019 11:22:51] /goto Lokur
[23/11/2019 11:26:0] /goto eva
[23/11/2019 11:33:42] /i crystal coin
[23/11/2019 11:34:13] /a 2
[23/11/2019 11:34:14] /a 2
[23/11/2019 11:34:14] /a 2
[23/11/2019 11:34:15] /a 2
[23/11/2019 11:34:15] /a 2
[23/11/2019 11:34:16] /a 2
[23/11/2019 11:44:35] /goto eva
[23/11/2019 11:44:40] /a 2
